<?xml version="1.0" encoding="UTF-8"?>
<!-- Generated by org.testng.reporters.JUnitReportReporter -->
<testsuite hostname="DESKTOP-97AA45G" name="test.RVcucumber_4.AppTest" tests="1" failures="0" timestamp="27 Jan 2021 07:55:55 GMT" time="0.000" errors="0">
  <testcase name="testApp" time="0.000" classname="test.RVcucumber_4.AppTest"/>
</testsuite> <!-- test.RVcucumber_4.AppTest -->
