<?xml version="1.0" encoding="UTF-8"?>
<!-- Generated by org.testng.reporters.JUnitReportReporter -->
<testsuite hostname="DESKTOP-97AA45G" name="stepdefinitions.stepdefinition" tests="2" failures="0" timestamp="27 Jan 2021 07:59:44 GMT" time="0.044" errors="0">
  <testcase name="demo2" time="0.013" classname="stepdefinitions.stepdefinition"/>
  <testcase name="demo2" time="0.031" classname="stepdefinitions.stepdefinition"/>
</testsuite> <!-- stepdefinitions.stepdefinition -->
